Deprecation warning: value provided is not in a recognized RFC2822 or ISO format. moment construction falls back to js Date(), which is not reliable across all browsers and versions. Non RFC2822/ISO date formats are discouraged. Please refer to http://momentjs.com/guides/#/warnings/js-date/ for more info.
Arguments: 
[0] _isAMomentObject: true, _isUTC: false, _useUTC: false, _l: undefined, _i: 07-11-2024, _f: undefined, _strict: undefined, _locale: [object Object]
Error
    at Function.createFromInputFallback (/Users/lebalinh/Desktop/Semester_1/Web/Real/glework_server/node_modules/moment/moment.js:324:25)
    at configFromString (/Users/lebalinh/Desktop/Semester_1/Web/Real/glework_server/node_modules/moment/moment.js:2613:19)
    at configFromInput (/Users/lebalinh/Desktop/Semester_1/Web/Real/glework_server/node_modules/moment/moment.js:3056:13)
    at prepareConfig (/Users/lebalinh/Desktop/Semester_1/Web/Real/glework_server/node_modules/moment/moment.js:3039:13)
    at createFromConfig (/Users/lebalinh/Desktop/Semester_1/Web/Real/glework_server/node_modules/moment/moment.js:3006:44)
    at createLocalOrUTC (/Users/lebalinh/Desktop/Semester_1/Web/Real/glework_server/node_modules/moment/moment.js:3100:16)
    at createLocal (/Users/lebalinh/Desktop/Semester_1/Web/Real/glework_server/node_modules/moment/moment.js:3104:16)
    at hooks (/Users/lebalinh/Desktop/Semester_1/Web/Real/glework_server/node_modules/moment/moment.js:16:29)
    at model._sanitize (/Users/lebalinh/Desktop/Semester_1/Web/Real/glework_server/node_modules/sequelize/lib/data-types.js:356:14)
    at model.set (/Users/lebalinh/Desktop/Semester_1/Web/Real/glework_server/node_modules/sequelize/lib/model.js:2286:59)
Deprecation warning: value provided is not in a recognized RFC2822 or ISO format. moment construction falls back to js Date(), which is not reliable across all browsers and versions. Non RFC2822/ISO date formats are discouraged. Please refer to http://momentjs.com/guides/#/warnings/js-date/ for more info.
Arguments: 
[0] _isAMomentObject: true, _isUTC: false, _useUTC: false, _l: undefined, _i: 07-11-2024, _f: undefined, _strict: undefined, _locale: [object Object]
Error
    at Function.createFromInputFallback (/Users/lebalinh/Desktop/Semester_1/Web/Real/glework_server/node_modules/moment/moment.js:324:25)
    at configFromString (/Users/lebalinh/Desktop/Semester_1/Web/Real/glework_server/node_modules/moment/moment.js:2613:19)
    at configFromInput (/Users/lebalinh/Desktop/Semester_1/Web/Real/glework_server/node_modules/moment/moment.js:3056:13)
    at prepareConfig (/Users/lebalinh/Desktop/Semester_1/Web/Real/glework_server/node_modules/moment/moment.js:3039:13)
    at createFromConfig (/Users/lebalinh/Desktop/Semester_1/Web/Real/glework_server/node_modules/moment/moment.js:3006:44)
    at createLocalOrUTC (/Users/lebalinh/Desktop/Semester_1/Web/Real/glework_server/node_modules/moment/moment.js:3100:16)
    at createLocal (/Users/lebalinh/Desktop/Semester_1/Web/Real/glework_server/node_modules/moment/moment.js:3104:16)
    at hooks (/Users/lebalinh/Desktop/Semester_1/Web/Real/glework_server/node_modules/moment/moment.js:16:29)
    at model._sanitize (/Users/lebalinh/Desktop/Semester_1/Web/Real/glework_server/node_modules/sequelize/lib/data-types.js:356:14)
    at model.set (/Users/lebalinh/Desktop/Semester_1/Web/Real/glework_server/node_modules/sequelize/lib/model.js:2286:59)
Error sending email: Error: Missing credentials for "PLAIN"
    at SMTPConnection._formatError (/Users/lebalinh/Desktop/Semester_1/Web/Real/glework_server/node_modules/nodemailer/lib/smtp-connection/index.js:807:19)
    at SMTPConnection.login (/Users/lebalinh/Desktop/Semester_1/Web/Real/glework_server/node_modules/nodemailer/lib/smtp-connection/index.js:452:38)
    at /Users/lebalinh/Desktop/Semester_1/Web/Real/glework_server/node_modules/nodemailer/lib/smtp-transport/index.js:272:32
    at SMTPConnection.<anonymous> (/Users/lebalinh/Desktop/Semester_1/Web/Real/glework_server/node_modules/nodemailer/lib/smtp-connection/index.js:215:17)
    at Object.onceWrapper (node:events:633:28)
    at SMTPConnection.emit (node:events:519:28)
    at SMTPConnection._actionEHLO (/Users/lebalinh/Desktop/Semester_1/Web/Real/glework_server/node_modules/nodemailer/lib/smtp-connection/index.js:1369:14)
    at SMTPConnection._processResponse (/Users/lebalinh/Desktop/Semester_1/Web/Real/glework_server/node_modules/nodemailer/lib/smtp-connection/index.js:991:20)
    at SMTPConnection._onData (/Users/lebalinh/Desktop/Semester_1/Web/Real/glework_server/node_modules/nodemailer/lib/smtp-connection/index.js:772:14)
    at SMTPConnection._onSocketData (/Users/lebalinh/Desktop/Semester_1/Web/Real/glework_server/node_modules/nodemailer/lib/smtp-connection/index.js:195:44) {
  code: 'EAUTH',
  command: 'API'
}
Deprecation warning: value provided is not in a recognized RFC2822 or ISO format. moment construction falls back to js Date(), which is not reliable across all browsers and versions. Non RFC2822/ISO date formats are discouraged. Please refer to http://momentjs.com/guides/#/warnings/js-date/ for more info.
Arguments: 
[0] _isAMomentObject: true, _isUTC: false, _useUTC: false, _l: undefined, _i: 07-11-2024, _f: undefined, _strict: undefined, _locale: [object Object]
Error
    at Function.createFromInputFallback (/Users/lebalinh/Desktop/Semester_1/Web/Real/glework_server/node_modules/moment/moment.js:324:25)
    at configFromString (/Users/lebalinh/Desktop/Semester_1/Web/Real/glework_server/node_modules/moment/moment.js:2613:19)
    at configFromInput (/Users/lebalinh/Desktop/Semester_1/Web/Real/glework_server/node_modules/moment/moment.js:3056:13)
    at prepareConfig (/Users/lebalinh/Desktop/Semester_1/Web/Real/glework_server/node_modules/moment/moment.js:3039:13)
    at createFromConfig (/Users/lebalinh/Desktop/Semester_1/Web/Real/glework_server/node_modules/moment/moment.js:3006:44)
    at createLocalOrUTC (/Users/lebalinh/Desktop/Semester_1/Web/Real/glework_server/node_modules/moment/moment.js:3100:16)
    at createLocal (/Users/lebalinh/Desktop/Semester_1/Web/Real/glework_server/node_modules/moment/moment.js:3104:16)
    at hooks (/Users/lebalinh/Desktop/Semester_1/Web/Real/glework_server/node_modules/moment/moment.js:16:29)
    at model._sanitize (/Users/lebalinh/Desktop/Semester_1/Web/Real/glework_server/node_modules/sequelize/lib/data-types.js:356:14)
    at model.set (/Users/lebalinh/Desktop/Semester_1/Web/Real/glework_server/node_modules/sequelize/lib/model.js:2286:59)
Deprecation warning: value provided is not in a recognized RFC2822 or ISO format. moment construction falls back to js Date(), which is not reliable across all browsers and versions. Non RFC2822/ISO date formats are discouraged. Please refer to http://momentjs.com/guides/#/warnings/js-date/ for more info.
Arguments: 
[0] _isAMomentObject: true, _isUTC: false, _useUTC: false, _l: undefined, _i: 07-11-2024, _f: undefined, _strict: undefined, _locale: [object Object]
Error
    at Function.createFromInputFallback (/Users/lebalinh/Desktop/Semester_1/Web/Real/glework_server/node_modules/moment/moment.js:324:25)
    at configFromString (/Users/lebalinh/Desktop/Semester_1/Web/Real/glework_server/node_modules/moment/moment.js:2613:19)
    at configFromInput (/Users/lebalinh/Desktop/Semester_1/Web/Real/glework_server/node_modules/moment/moment.js:3056:13)
    at prepareConfig (/Users/lebalinh/Desktop/Semester_1/Web/Real/glework_server/node_modules/moment/moment.js:3039:13)
    at createFromConfig (/Users/lebalinh/Desktop/Semester_1/Web/Real/glework_server/node_modules/moment/moment.js:3006:44)
    at createLocalOrUTC (/Users/lebalinh/Desktop/Semester_1/Web/Real/glework_server/node_modules/moment/moment.js:3100:16)
    at createLocal (/Users/lebalinh/Desktop/Semester_1/Web/Real/glework_server/node_modules/moment/moment.js:3104:16)
    at hooks (/Users/lebalinh/Desktop/Semester_1/Web/Real/glework_server/node_modules/moment/moment.js:16:29)
    at model._sanitize (/Users/lebalinh/Desktop/Semester_1/Web/Real/glework_server/node_modules/sequelize/lib/data-types.js:356:14)
    at model.set (/Users/lebalinh/Desktop/Semester_1/Web/Real/glework_server/node_modules/sequelize/lib/model.js:2286:59)
Deprecation warning: value provided is not in a recognized RFC2822 or ISO format. moment construction falls back to js Date(), which is not reliable across all browsers and versions. Non RFC2822/ISO date formats are discouraged. Please refer to http://momentjs.com/guides/#/warnings/js-date/ for more info.
Arguments: 
[0] _isAMomentObject: true, _isUTC: false, _useUTC: false, _l: undefined, _i: 07-11-2024, _f: undefined, _strict: undefined, _locale: [object Object]
Error
    at Function.createFromInputFallback (/Users/lebalinh/Desktop/Semester_1/Web/Real/glework_server/node_modules/moment/moment.js:324:25)
    at configFromString (/Users/lebalinh/Desktop/Semester_1/Web/Real/glework_server/node_modules/moment/moment.js:2613:19)
    at configFromInput (/Users/lebalinh/Desktop/Semester_1/Web/Real/glework_server/node_modules/moment/moment.js:3056:13)
    at prepareConfig (/Users/lebalinh/Desktop/Semester_1/Web/Real/glework_server/node_modules/moment/moment.js:3039:13)
    at createFromConfig (/Users/lebalinh/Desktop/Semester_1/Web/Real/glework_server/node_modules/moment/moment.js:3006:44)
    at createLocalOrUTC (/Users/lebalinh/Desktop/Semester_1/Web/Real/glework_server/node_modules/moment/moment.js:3100:16)
    at createLocal (/Users/lebalinh/Desktop/Semester_1/Web/Real/glework_server/node_modules/moment/moment.js:3104:16)
    at hooks (/Users/lebalinh/Desktop/Semester_1/Web/Real/glework_server/node_modules/moment/moment.js:16:29)
    at model._sanitize (/Users/lebalinh/Desktop/Semester_1/Web/Real/glework_server/node_modules/sequelize/lib/data-types.js:356:14)
    at model.set (/Users/lebalinh/Desktop/Semester_1/Web/Real/glework_server/node_modules/sequelize/lib/model.js:2286:59)
