Bắt đầu đồng bộ hóa cơ sở dữ liệu...
Executing (default): SELECT 1+1 AS result
Executing (default): SELECT TABLE_NAME FROM INFORMATION_SCHEMA.TABLES WHERE TABLE_TYPE = 'BASE TABLE' AND TABLE_NAME = 'User' AND TABLE_SCHEMA = 'Glework'
Kết nối đến cơ sở dữ liệu thành công!
Executing (default): SHOW FULL COLUMNS FROM `User`;
Executing (default): SELECT CONSTRAINT_NAME as constraint_name,CONSTRAINT_NAME as constraintName,CONSTRAINT_SCHEMA as constraintSchema,CONSTRAINT_SCHEMA as constraintCatalog,TABLE_NAME as tableName,TABLE_SCHEMA as tableSchema,TABLE_SCHEMA as tableCatalog,COLUMN_NAME as columnName,REFERENCED_TABLE_SCHEMA as referencedTableSchema,REFERENCED_TABLE_SCHEMA as referencedTableCatalog,REFERENCED_TABLE_NAME as referencedTableName,REFERENCED_COLUMN_NAME as referencedColumnName FROM INFORMATION_SCHEMA.KEY_COLUMN_USAGE where TABLE_NAME = 'User' AND CONSTRAINT_NAME!='PRIMARY' AND CONSTRAINT_SCHEMA='Glework' AND REFERENCED_TABLE_NAME IS NOT NULL;
Executing (default): ALTER TABLE `User` CHANGE `firstName` `firstName` VARCHAR(255) NOT NULL;
Executing (default): ALTER TABLE `User` CHANGE `lastName` `lastName` VARCHAR(255) NOT NULL;
Executing (default): ALTER TABLE `User` CHANGE `dateOfBirth` `dateOfBirth` DATE NOT NULL;
Executing (default): ALTER TABLE `User` CHANGE `phoneNumber` `phoneNumber` VARCHAR(255) NOT NULL;
Executing (default): ALTER TABLE `User` CHANGE `email` `email` VARCHAR(255) NOT NULL UNIQUE;
Executing (default): ALTER TABLE `User` CHANGE `password` `password` VARCHAR(255) NOT NULL;
Executing (default): ALTER TABLE `User` CHANGE `isConfirmed` `isConfirmed` TINYINT(1) DEFAULT false;
Executing (default): ALTER TABLE `User` CHANGE `address` `address` VARCHAR(255);
Executing (default): ALTER TABLE `User` CHANGE `city` `city` VARCHAR(255);
Executing (default): ALTER TABLE `User` CHANGE `createdAt` `createdAt` DATETIME NOT NULL;
Executing (default): ALTER TABLE `User` CHANGE `updatedAt` `updatedAt` DATETIME NOT NULL;
Executing (default): SHOW INDEX FROM `User`
Cơ sở dữ liệu đã được đồng bộ hóa thành công.
Server is running on http://localhost:3000
Bắt đầu đồng bộ hóa cơ sở dữ liệu...
Executing (default): SELECT 1+1 AS result
Executing (default): SELECT TABLE_NAME FROM INFORMATION_SCHEMA.TABLES WHERE TABLE_TYPE = 'BASE TABLE' AND TABLE_NAME = 'User' AND TABLE_SCHEMA = 'Glework'
Kết nối đến cơ sở dữ liệu thành công!
Executing (default): SHOW FULL COLUMNS FROM `User`;
Executing (default): SELECT CONSTRAINT_NAME as constraint_name,CONSTRAINT_NAME as constraintName,CONSTRAINT_SCHEMA as constraintSchema,CONSTRAINT_SCHEMA as constraintCatalog,TABLE_NAME as tableName,TABLE_SCHEMA as tableSchema,TABLE_SCHEMA as tableCatalog,COLUMN_NAME as columnName,REFERENCED_TABLE_SCHEMA as referencedTableSchema,REFERENCED_TABLE_SCHEMA as referencedTableCatalog,REFERENCED_TABLE_NAME as referencedTableName,REFERENCED_COLUMN_NAME as referencedColumnName FROM INFORMATION_SCHEMA.KEY_COLUMN_USAGE where TABLE_NAME = 'User' AND CONSTRAINT_NAME!='PRIMARY' AND CONSTRAINT_SCHEMA='Glework' AND REFERENCED_TABLE_NAME IS NOT NULL;
Executing (default): ALTER TABLE `User` CHANGE `firstName` `firstName` VARCHAR(255) NOT NULL;
Executing (default): ALTER TABLE `User` CHANGE `lastName` `lastName` VARCHAR(255) NOT NULL;
Executing (default): ALTER TABLE `User` CHANGE `dateOfBirth` `dateOfBirth` DATE NOT NULL;
Executing (default): ALTER TABLE `User` CHANGE `phoneNumber` `phoneNumber` VARCHAR(255) NOT NULL;
Executing (default): ALTER TABLE `User` CHANGE `email` `email` VARCHAR(255) NOT NULL UNIQUE;
Executing (default): ALTER TABLE `User` CHANGE `password` `password` VARCHAR(255) NOT NULL;
Executing (default): ALTER TABLE `User` CHANGE `isConfirmed` `isConfirmed` TINYINT(1) DEFAULT false;
Executing (default): ALTER TABLE `User` CHANGE `address` `address` VARCHAR(255);
Executing (default): ALTER TABLE `User` CHANGE `city` `city` VARCHAR(255);
Executing (default): ALTER TABLE `User` CHANGE `createdAt` `createdAt` DATETIME NOT NULL;
Executing (default): ALTER TABLE `User` CHANGE `updatedAt` `updatedAt` DATETIME NOT NULL;
Executing (default): SHOW INDEX FROM `User`
Cơ sở dữ liệu đã được đồng bộ hóa thành công.
Server is running on http://localhost:3000
Bắt đầu đồng bộ hóa cơ sở dữ liệu...
Executing (default): SELECT 1+1 AS result
Executing (default): SELECT TABLE_NAME FROM INFORMATION_SCHEMA.TABLES WHERE TABLE_TYPE = 'BASE TABLE' AND TABLE_NAME = 'User' AND TABLE_SCHEMA = 'Glework'
Kết nối đến cơ sở dữ liệu thành công!
Executing (default): SHOW FULL COLUMNS FROM `User`;
Executing (default): SELECT CONSTRAINT_NAME as constraint_name,CONSTRAINT_NAME as constraintName,CONSTRAINT_SCHEMA as constraintSchema,CONSTRAINT_SCHEMA as constraintCatalog,TABLE_NAME as tableName,TABLE_SCHEMA as tableSchema,TABLE_SCHEMA as tableCatalog,COLUMN_NAME as columnName,REFERENCED_TABLE_SCHEMA as referencedTableSchema,REFERENCED_TABLE_SCHEMA as referencedTableCatalog,REFERENCED_TABLE_NAME as referencedTableName,REFERENCED_COLUMN_NAME as referencedColumnName FROM INFORMATION_SCHEMA.KEY_COLUMN_USAGE where TABLE_NAME = 'User' AND CONSTRAINT_NAME!='PRIMARY' AND CONSTRAINT_SCHEMA='Glework' AND REFERENCED_TABLE_NAME IS NOT NULL;
Executing (default): ALTER TABLE `User` CHANGE `firstName` `firstName` VARCHAR(255) NOT NULL;
Executing (default): ALTER TABLE `User` CHANGE `lastName` `lastName` VARCHAR(255) NOT NULL;
Executing (default): ALTER TABLE `User` CHANGE `dateOfBirth` `dateOfBirth` DATE NOT NULL;
Executing (default): ALTER TABLE `User` CHANGE `phoneNumber` `phoneNumber` VARCHAR(255) NOT NULL;
Executing (default): ALTER TABLE `User` CHANGE `email` `email` VARCHAR(255) NOT NULL UNIQUE;
Executing (default): ALTER TABLE `User` CHANGE `password` `password` VARCHAR(255) NOT NULL;
Executing (default): ALTER TABLE `User` CHANGE `isConfirmed` `isConfirmed` TINYINT(1) DEFAULT false;
Executing (default): ALTER TABLE `User` CHANGE `address` `address` VARCHAR(255);
Executing (default): ALTER TABLE `User` CHANGE `city` `city` VARCHAR(255);
Executing (default): ALTER TABLE `User` CHANGE `createdAt` `createdAt` DATETIME NOT NULL;
Executing (default): ALTER TABLE `User` CHANGE `updatedAt` `updatedAt` DATETIME NOT NULL;
Executing (default): SHOW INDEX FROM `User`
Cơ sở dữ liệu đã được đồng bộ hóa thành công.
Server is running on http://localhost:3000
Bắt đầu đồng bộ hóa cơ sở dữ liệu...
Executing (default): SELECT 1+1 AS result
Executing (default): SELECT TABLE_NAME FROM INFORMATION_SCHEMA.TABLES WHERE TABLE_TYPE = 'BASE TABLE' AND TABLE_NAME = 'User' AND TABLE_SCHEMA = 'Glework'
Kết nối đến cơ sở dữ liệu thành công!
Executing (default): SHOW FULL COLUMNS FROM `User`;
Executing (default): SELECT CONSTRAINT_NAME as constraint_name,CONSTRAINT_NAME as constraintName,CONSTRAINT_SCHEMA as constraintSchema,CONSTRAINT_SCHEMA as constraintCatalog,TABLE_NAME as tableName,TABLE_SCHEMA as tableSchema,TABLE_SCHEMA as tableCatalog,COLUMN_NAME as columnName,REFERENCED_TABLE_SCHEMA as referencedTableSchema,REFERENCED_TABLE_SCHEMA as referencedTableCatalog,REFERENCED_TABLE_NAME as referencedTableName,REFERENCED_COLUMN_NAME as referencedColumnName FROM INFORMATION_SCHEMA.KEY_COLUMN_USAGE where TABLE_NAME = 'User' AND CONSTRAINT_NAME!='PRIMARY' AND CONSTRAINT_SCHEMA='Glework' AND REFERENCED_TABLE_NAME IS NOT NULL;
Executing (default): ALTER TABLE `User` CHANGE `firstName` `firstName` VARCHAR(255) NOT NULL;
Executing (default): ALTER TABLE `User` CHANGE `lastName` `lastName` VARCHAR(255) NOT NULL;
Executing (default): ALTER TABLE `User` CHANGE `dateOfBirth` `dateOfBirth` DATE NOT NULL;
Executing (default): ALTER TABLE `User` CHANGE `phoneNumber` `phoneNumber` VARCHAR(255) NOT NULL;
Executing (default): ALTER TABLE `User` CHANGE `email` `email` VARCHAR(255) NOT NULL UNIQUE;
Executing (default): ALTER TABLE `User` CHANGE `password` `password` VARCHAR(255) NOT NULL;
Executing (default): ALTER TABLE `User` CHANGE `isConfirmed` `isConfirmed` TINYINT(1) DEFAULT false;
Executing (default): ALTER TABLE `User` CHANGE `address` `address` VARCHAR(255);
Executing (default): ALTER TABLE `User` CHANGE `city` `city` VARCHAR(255);
Executing (default): ALTER TABLE `User` CHANGE `createdAt` `createdAt` DATETIME NOT NULL;
Executing (default): ALTER TABLE `User` CHANGE `updatedAt` `updatedAt` DATETIME NOT NULL;
Executing (default): SHOW INDEX FROM `User`
Cơ sở dữ liệu đã được đồng bộ hóa thành công.
Server is running on http://localhost:3000
